<?xml version="1.0" encoding="UTF-8"?>
<testng-results skipped="0" failed="1" ignored="1" total="7" passed="5">
  <reporter-output>
  </reporter-output>
  <suite name="UnicoStudio Automation" duration-ms="280814" started-at="2023-11-06T22:31:42 EET" finished-at="2023-11-06T22:36:23 EET">
    <groups>
    </groups>
    <test name="UnicoStudioRegrationTest" duration-ms="280814" started-at="2023-11-06T22:31:42 EET" finished-at="2023-11-06T22:36:23 EET">
      <class name="com.unicoStudio.tests.AboutPageTest">
        <test-method status="PASS" signature="setUp()[pri:0, instance:com.unicoStudio.tests.AboutPageTest@5ae63ade]" name="setUp" is-config="true" duration-ms="32818" started-at="2023-11-06T22:31:42 EET" finished-at="2023-11-06T22:32:15 EET">
          <reporter-output>
          </reporter-output>
        </test-method> <!-- setUp -->
        <test-method status="PASS" signature="aboutGeneralTextTest()[pri:0, instance:com.unicoStudio.tests.AboutPageTest@5ae63ade]" name="aboutGeneralTextTest" duration-ms="22616" started-at="2023-11-06T22:32:15 EET" finished-at="2023-11-06T22:32:37 EET">
          <reporter-output>
          </reporter-output>
        </test-method> <!-- aboutGeneralTextTest -->
        <test-method status="PASS" signature="tearDown(org.testng.ITestResult)[pri:0, instance:com.unicoStudio.tests.AboutPageTest@5ae63ade]" name="tearDown" is-config="true" duration-ms="3095" started-at="2023-11-06T22:32:37 EET" finished-at="2023-11-06T22:32:40 EET">
          <params>
            <param index="0">
              <value>
                <![CDATA[[TestResult name=aboutGeneralTextTest status=SUCCESS method=AboutPageTest.aboutGeneralTextTest()[pri:0, instance:com.unicoStudio.tests.AboutPageTest@5ae63ade] output={null}]]]>
              </value>
            </param>
          </params>
          <reporter-output>
          </reporter-output>
        </test-method> <!-- tearDown -->
        <test-method status="PASS" signature="setUp()[pri:0, instance:com.unicoStudio.tests.AboutPageTest@5ae63ade]" name="setUp" is-config="true" duration-ms="19800" started-at="2023-11-06T22:32:40 EET" finished-at="2023-11-06T22:33:00 EET">
          <reporter-output>
          </reporter-output>
        </test-method> <!-- setUp -->
        <test-method status="PASS" signature="aboutPageFacebookTest()[pri:0, instance:com.unicoStudio.tests.AboutPageTest@5ae63ade]" name="aboutPageFacebookTest" duration-ms="45401" started-at="2023-11-06T22:33:00 EET" finished-at="2023-11-06T22:33:46 EET">
          <reporter-output>
          </reporter-output>
        </test-method> <!-- aboutPageFacebookTest -->
        <test-method status="PASS" signature="tearDown(org.testng.ITestResult)[pri:0, instance:com.unicoStudio.tests.AboutPageTest@5ae63ade]" name="tearDown" is-config="true" duration-ms="3113" started-at="2023-11-06T22:33:46 EET" finished-at="2023-11-06T22:33:49 EET">
          <params>
            <param index="0">
              <value>
                <![CDATA[[TestResult name=aboutPageFacebookTest status=SUCCESS method=AboutPageTest.aboutPageFacebookTest()[pri:0, instance:com.unicoStudio.tests.AboutPageTest@5ae63ade] output={null}]]]>
              </value>
            </param>
          </params>
          <reporter-output>
          </reporter-output>
        </test-method> <!-- tearDown -->
        <test-method status="PASS" signature="setUp()[pri:0, instance:com.unicoStudio.tests.AboutPageTest@5ae63ade]" name="setUp" is-config="true" duration-ms="13659" started-at="2023-11-06T22:33:49 EET" finished-at="2023-11-06T22:34:02 EET">
          <reporter-output>
          </reporter-output>
        </test-method> <!-- setUp -->
        <test-method status="PASS" signature="aboutPageInstagramTest()[pri:0, instance:com.unicoStudio.tests.AboutPageTest@5ae63ade]" name="aboutPageInstagramTest" duration-ms="30206" started-at="2023-11-06T22:34:02 EET" finished-at="2023-11-06T22:34:33 EET">
          <reporter-output>
          </reporter-output>
        </test-method> <!-- aboutPageInstagramTest -->
        <test-method status="PASS" signature="tearDown(org.testng.ITestResult)[pri:0, instance:com.unicoStudio.tests.AboutPageTest@5ae63ade]" name="tearDown" is-config="true" duration-ms="3100" started-at="2023-11-06T22:34:33 EET" finished-at="2023-11-06T22:34:36 EET">
          <params>
            <param index="0">
              <value>
                <![CDATA[[TestResult name=aboutPageInstagramTest status=SUCCESS method=AboutPageTest.aboutPageInstagramTest()[pri:0, instance:com.unicoStudio.tests.AboutPageTest@5ae63ade] output={null}]]]>
              </value>
            </param>
          </params>
          <reporter-output>
          </reporter-output>
        </test-method> <!-- tearDown -->
        <test-method status="PASS" signature="setUp()[pri:0, instance:com.unicoStudio.tests.AboutPageTest@5ae63ade]" name="setUp" is-config="true" duration-ms="21804" started-at="2023-11-06T22:34:36 EET" finished-at="2023-11-06T22:34:58 EET">
          <reporter-output>
          </reporter-output>
        </test-method> <!-- setUp -->
        <test-method status="PASS" signature="aboutPageLinkedInTest()[pri:0, instance:com.unicoStudio.tests.AboutPageTest@5ae63ade]" name="aboutPageLinkedInTest" duration-ms="26041" started-at="2023-11-06T22:34:58 EET" finished-at="2023-11-06T22:35:24 EET">
          <reporter-output>
          </reporter-output>
        </test-method> <!-- aboutPageLinkedInTest -->
        <test-method status="PASS" signature="tearDown(org.testng.ITestResult)[pri:0, instance:com.unicoStudio.tests.AboutPageTest@5ae63ade]" name="tearDown" is-config="true" duration-ms="3109" started-at="2023-11-06T22:35:24 EET" finished-at="2023-11-06T22:35:27 EET">
          <params>
            <param index="0">
              <value>
                <![CDATA[[TestResult name=aboutPageLinkedInTest status=SUCCESS method=AboutPageTest.aboutPageLinkedInTest()[pri:0, instance:com.unicoStudio.tests.AboutPageTest@5ae63ade] output={null}]]]>
              </value>
            </param>
          </params>
          <reporter-output>
          </reporter-output>
        </test-method> <!-- tearDown -->
        <test-method status="PASS" signature="setUp()[pri:0, instance:com.unicoStudio.tests.AboutPageTest@5ae63ade]" name="setUp" is-config="true" duration-ms="13390" started-at="2023-11-06T22:35:27 EET" finished-at="2023-11-06T22:35:40 EET">
          <reporter-output>
          </reporter-output>
        </test-method> <!-- setUp -->
        <test-method status="PASS" signature="aboutPageTwitterTest()[pri:0, instance:com.unicoStudio.tests.AboutPageTest@5ae63ade]" name="aboutPageTwitterTest" duration-ms="39327" started-at="2023-11-06T22:35:40 EET" finished-at="2023-11-06T22:36:19 EET">
          <reporter-output>
          </reporter-output>
        </test-method> <!-- aboutPageTwitterTest -->
        <test-method status="PASS" signature="tearDown(org.testng.ITestResult)[pri:0, instance:com.unicoStudio.tests.AboutPageTest@5ae63ade]" name="tearDown" is-config="true" duration-ms="3153" started-at="2023-11-06T22:36:19 EET" finished-at="2023-11-06T22:36:23 EET">
          <params>
            <param index="0">
              <value>
                <![CDATA[[TestResult name=aboutPageTwitterTest status=SUCCESS method=AboutPageTest.aboutPageTwitterTest()[pri:0, instance:com.unicoStudio.tests.AboutPageTest@5ae63ade] output={null}]]]>
              </value>
            </param>
          </params>
          <reporter-output>
          </reporter-output>
        </test-method> <!-- tearDown -->
      </class> <!-- com.unicoStudio.tests.AboutPageTest -->
      <class name="com.unicoStudio.tests.HomePageTests">
        <test-method status="PASS" signature="setUpTest()[pri:0, instance:com.unicoStudio.tests.HomePageTests@3dd4520b]" name="setUpTest" is-config="true" duration-ms="110" started-at="2023-11-06T22:31:42 EET" finished-at="2023-11-06T22:31:42 EET">
          <reporter-output>
          </reporter-output>
        </test-method> <!-- setUpTest -->
        <test-method status="PASS" signature="setUp()[pri:0, instance:com.unicoStudio.tests.HomePageTests@3dd4520b]" name="setUp" is-config="true" duration-ms="34094" started-at="2023-11-06T22:31:42 EET" finished-at="2023-11-06T22:32:16 EET">
          <reporter-output>
          </reporter-output>
        </test-method> <!-- setUp -->
        <test-method status="FAIL" signature="homePageTest()[pri:0, instance:com.unicoStudio.tests.HomePageTests@3dd4520b]" name="homePageTest" duration-ms="77559" started-at="2023-11-06T22:32:16 EET" finished-at="2023-11-06T22:33:34 EET">
          <exception class="org.openqa.selenium.NoSuchElementException">
            <message>
              <![CDATA[no such element: Unable to locate element: {"method":"xpath","selector":"//a[normalize-space()='Terms & Conditions']"}
  (Session info: chrome=119.0.6045.105)
For documentation on this error, please visit: https://www.seleniumhq.org/exceptions/no_such_element.html
Build info: version: '3.141.59', revision: 'e82be7d358', time: '2018-11-14T08:17:03'
System info: host: 'nahsen-mbp', ip: 'fe80:0:0:0:1031:9dc9:527:26d8%en0', os.name: 'Mac OS X', os.arch: 'x86_64', os.version: '10.16', java.version: '1.8.0_202'
Driver info: org.openqa.selenium.chrome.ChromeDriver
Capabilities {acceptInsecureCerts: false, browserName: chrome, browserVersion: 119.0.6045.105, chrome: {chromedriverVersion: 119.0.6045.105 (38c72552c5e..., userDataDir: /var/folders/bv/psbf9139005...}, fedcm:accounts: true, goog:chromeOptions: {debuggerAddress: localhost:51725}, javascriptEnabled: true, networkConnectionEnabled: false, pageLoadStrategy: normal, platform: MAC, platformName: MAC, proxy: Proxy(), setWindowRect: true, strictFileInteractability: false, timeouts: {implicit: 0, pageLoad: 300000, script: 30000}, unhandledPromptBehavior: dismiss and notify, webauthn:extension:credBlob: true, webauthn:extension:largeBlob: true, webauthn:extension:minPinLength: true, webauthn:extension:prf: true, webauthn:virtualAuthenticators: true}
Session ID: ab949cc1c43825be02b5cc8621c47dd9
*** Element info: {Using=xpath, value=//a[normalize-space()='Terms & Conditions']}]]>
            </message>
            <full-stacktrace>
              <![CDATA[org.openqa.selenium.NoSuchElementException: no such element: Unable to locate element: {"method":"xpath","selector":"//a[normalize-space()='Terms & Conditions']"}
  (Session info: chrome=119.0.6045.105)
For documentation on this error, please visit: https://www.seleniumhq.org/exceptions/no_such_element.html
Build info: version: '3.141.59', revision: 'e82be7d358', time: '2018-11-14T08:17:03'
System info: host: 'nahsen-mbp', ip: 'fe80:0:0:0:1031:9dc9:527:26d8%en0', os.name: 'Mac OS X', os.arch: 'x86_64', os.version: '10.16', java.version: '1.8.0_202'
Driver info: org.openqa.selenium.chrome.ChromeDriver
Capabilities {acceptInsecureCerts: false, browserName: chrome, browserVersion: 119.0.6045.105, chrome: {chromedriverVersion: 119.0.6045.105 (38c72552c5e..., userDataDir: /var/folders/bv/psbf9139005...}, fedcm:accounts: true, goog:chromeOptions: {debuggerAddress: localhost:51725}, javascriptEnabled: true, networkConnectionEnabled: false, pageLoadStrategy: normal, platform: MAC, platformName: MAC, proxy: Proxy(), setWindowRect: true, strictFileInteractability: false, timeouts: {implicit: 0, pageLoad: 300000, script: 30000}, unhandledPromptBehavior: dismiss and notify, webauthn:extension:credBlob: true, webauthn:extension:largeBlob: true, webauthn:extension:minPinLength: true, webauthn:extension:prf: true, webauthn:virtualAuthenticators: true}
Session ID: ab949cc1c43825be02b5cc8621c47dd9
*** Element info: {Using=xpath, value=//a[normalize-space()='Terms & Conditions']}
at sun.reflect.NativeConstructorAccessorImpl.newInstance0(Native Method)
at sun.reflect.NativeConstructorAccessorImpl.newInstance(NativeConstructorAccessorImpl.java:62)
at sun.reflect.DelegatingConstructorAccessorImpl.newInstance(DelegatingConstructorAccessorImpl.java:45)
at java.lang.reflect.Constructor.newInstance(Constructor.java:423)
at org.openqa.selenium.remote.http.W3CHttpResponseCodec.createException(W3CHttpResponseCodec.java:187)
at org.openqa.selenium.remote.http.W3CHttpResponseCodec.decode(W3CHttpResponseCodec.java:122)
at org.openqa.selenium.remote.http.W3CHttpResponseCodec.decode(W3CHttpResponseCodec.java:49)
at org.openqa.selenium.remote.HttpCommandExecutor.execute(HttpCommandExecutor.java:158)
at org.openqa.selenium.remote.service.DriverCommandExecutor.execute(DriverCommandExecutor.java:83)
at org.openqa.selenium.remote.RemoteWebDriver.execute(RemoteWebDriver.java:552)
at org.openqa.selenium.remote.RemoteWebDriver.findElement(RemoteWebDriver.java:323)
at org.openqa.selenium.remote.RemoteWebDriver.findElementByXPath(RemoteWebDriver.java:428)
at org.openqa.selenium.By$ByXPath.findElement(By.java:353)
at org.openqa.selenium.remote.RemoteWebDriver.findElement(RemoteWebDriver.java:315)
at org.openqa.selenium.support.pagefactory.DefaultElementLocator.findElement(DefaultElementLocator.java:69)
at org.openqa.selenium.support.pagefactory.internal.LocatingElementHandler.invoke(LocatingElementHandler.java:38)
at com.sun.proxy.$Proxy8.getWrappedElement(Unknown Source)
at org.openqa.selenium.remote.internal.WebElementToJsonConverter.apply(WebElementToJsonConverter.java:50)
at java.util.stream.ReferencePipeline$3$1.accept(ReferencePipeline.java:193)
at java.util.Spliterators$ArraySpliterator.forEachRemaining(Spliterators.java:948)
at java.util.stream.AbstractPipeline.copyInto(AbstractPipeline.java:481)
at java.util.stream.AbstractPipeline.wrapAndCopyInto(AbstractPipeline.java:471)
at java.util.stream.ReduceOps$ReduceOp.evaluateSequential(ReduceOps.java:708)
at java.util.stream.AbstractPipeline.evaluate(AbstractPipeline.java:234)
at java.util.stream.ReferencePipeline.collect(ReferencePipeline.java:499)
at org.openqa.selenium.remote.RemoteWebDriver.executeScript(RemoteWebDriver.java:484)
at com.unicoStudio.tests.HomePageTests.homePageTest(HomePageTests.java:120)
at sun.reflect.NativeMethodAccessorImpl.invoke0(Native Method)
at sun.reflect.NativeMethodAccessorImpl.invoke(NativeMethodAccessorImpl.java:62)
at sun.reflect.DelegatingMethodAccessorImpl.invoke(DelegatingMethodAccessorImpl.java:43)
at java.lang.reflect.Method.invoke(Method.java:498)
at org.testng.internal.MethodInvocationHelper.invokeMethod(MethodInvocationHelper.java:134)
at org.testng.internal.TestInvoker.invokeMethod(TestInvoker.java:597)
at org.testng.internal.TestInvoker.invokeTestMethod(TestInvoker.java:173)
at org.testng.internal.MethodRunner.runInSequence(MethodRunner.java:46)
at org.testng.internal.TestInvoker$MethodInvocationAgent.invoke(TestInvoker.java:816)
at org.testng.internal.TestInvoker.invokeTestMethods(TestInvoker.java:146)
at org.testng.internal.TestMethodWorker.invokeTestMethods(TestMethodWorker.java:146)
at org.testng.internal.TestMethodWorker.run(TestMethodWorker.java:128)
at java.util.concurrent.ThreadPoolExecutor.runWorker(ThreadPoolExecutor.java:1149)
at java.util.concurrent.ThreadPoolExecutor$Worker.run(ThreadPoolExecutor.java:624)
at java.lang.Thread.run(Thread.java:748)
]]>
            </full-stacktrace>
          </exception> <!-- org.openqa.selenium.NoSuchElementException -->
          <reporter-output>
          </reporter-output>
        </test-method> <!-- homePageTest -->
        <test-method status="FAIL" signature="tearDown(org.testng.ITestResult)[pri:0, instance:com.unicoStudio.tests.HomePageTests@3dd4520b]" name="tearDown" is-config="true" duration-ms="5" started-at="2023-11-06T22:33:34 EET" finished-at="2023-11-06T22:33:34 EET">
          <params>
            <param index="0">
              <value>
                <![CDATA[[TestResult name=homePageTest status=FAILURE method=HomePageTests.homePageTest()[pri:0, instance:com.unicoStudio.tests.HomePageTests@3dd4520b] output={null}]]]>
              </value>
            </param>
          </params>
          <exception class="java.lang.NullPointerException">
            <full-stacktrace>
              <![CDATA[java.lang.NullPointerException
at com.unicoStudio.tests.TestBase.tearDown(TestBase.java:67)
at sun.reflect.NativeMethodAccessorImpl.invoke0(Native Method)
at sun.reflect.NativeMethodAccessorImpl.invoke(NativeMethodAccessorImpl.java:62)
at sun.reflect.DelegatingMethodAccessorImpl.invoke(DelegatingMethodAccessorImpl.java:43)
at java.lang.reflect.Method.invoke(Method.java:498)
at org.testng.internal.MethodInvocationHelper.invokeMethod(MethodInvocationHelper.java:134)
at org.testng.internal.MethodInvocationHelper.invokeMethodConsideringTimeout(MethodInvocationHelper.java:63)
at org.testng.internal.ConfigInvoker.invokeConfigurationMethod(ConfigInvoker.java:348)
at org.testng.internal.ConfigInvoker.invokeConfigurations(ConfigInvoker.java:302)
at org.testng.internal.TestInvoker.runConfigMethods(TestInvoker.java:695)
at org.testng.internal.TestInvoker.runAfterGroupsConfigurations(TestInvoker.java:671)
at org.testng.internal.TestInvoker.invokeMethod(TestInvoker.java:655)
at org.testng.internal.TestInvoker.invokeTestMethod(TestInvoker.java:173)
at org.testng.internal.MethodRunner.runInSequence(MethodRunner.java:46)
at org.testng.internal.TestInvoker$MethodInvocationAgent.invoke(TestInvoker.java:816)
at org.testng.internal.TestInvoker.invokeTestMethods(TestInvoker.java:146)
at org.testng.internal.TestMethodWorker.invokeTestMethods(TestMethodWorker.java:146)
at org.testng.internal.TestMethodWorker.run(TestMethodWorker.java:128)
at java.util.concurrent.ThreadPoolExecutor.runWorker(ThreadPoolExecutor.java:1149)
at java.util.concurrent.ThreadPoolExecutor$Worker.run(ThreadPoolExecutor.java:624)
at java.lang.Thread.run(Thread.java:748)
]]>
            </full-stacktrace>
          </exception> <!-- java.lang.NullPointerException -->
          <reporter-output>
          </reporter-output>
        </test-method> <!-- tearDown -->
      </class> <!-- com.unicoStudio.tests.HomePageTests -->
    </test> <!-- UnicoStudioRegrationTest -->
  </suite> <!-- UnicoStudio Automation -->
</testng-results>
